[2024-08-24 19:01:59] [info] SDL initialised
[2024-08-24 19:01:59] [info] OpenGL version: 2.1 Metal - 83.1
[2024-08-24 19:01:59] [info] GLSL version: 1.20
[2024-08-24 19:01:59] [error] Error: Shader program linking failedERROR: One or more attached shaders not successfully compiled


[2024-08-24 19:01:59] [info] Shader program compiled and linked sucessfully.

[2024-08-24 19:01:59] [debug] Creating Rigid Body...

[2024-08-24 19:01:59] [debug] Creating Geometry...

[2024-08-24 19:01:59] [debug] Creating Graphics model...

[2024-08-24 19:01:59] [debug] Constructing SphereModel...
[2024-08-24 19:01:59] [debug] Creating vertices...
[2024-08-24 19:01:59] [debug] Vertices created successfully.
[2024-08-24 19:01:59] [debug] Initialising OpenGL buffers
[2024-08-24 19:01:59] [debug] Generating Vertex Arrays...
[2024-08-24 19:01:59] [debug] Generating Vertex Buffers...
[2024-08-24 19:01:59] [debug] Generating Element Buffers...
[2024-08-24 19:01:59] [debug] Uploading vertex data...
[2024-08-24 19:01:59] [debug] Uploading index data...
[2024-08-24 19:01:59] [debug] Moving Graphics model...

[2024-08-24 19:01:59] [debug] Moving Geometry...

[2024-08-24 19:01:59] [debug] Moving Rigid Body...

